<?xml version="1.0" encoding="UTF-8"?>
<!-- Generated by org.testng.reporters.JUnitReportReporter -->
<testsuite hostname="DESKTOP-Q5FUUUI" failures="0" tests="2" name="vishalmavenjava.GoogleTest" time="32.484" errors="0" timestamp="17 May 2021 11:19:19 GMT" skipped="0">
  <testcase classname="vishalmavenjava.GoogleTest" name="abc" time="16.487"/>
  <testcase classname="vishalmavenjava.GoogleTest" name="xyz" time="15.997"/>
</testsuite> <!-- vishalmavenjava.GoogleTest -->
