<?xml version="1.0" encoding="UTF-8"?>
<!-- Generated by org.testng.reporters.JUnitReportReporter -->
<testsuite hostname="DESKTOP-Q5FUUUI" failures="0" tests="2" name="vishalmavenjava.AppiumTest" time="0.012" errors="0" timestamp="17 May 2021 11:19:19 GMT" skipped="0">
  <testcase classname="vishalmavenjava.AppiumTest" name="IOSApps" time="0.003"/>
  <testcase classname="vishalmavenjava.AppiumTest" name="NativeAppAndroid" time="0.009"/>
</testsuite> <!-- vishalmavenjava.AppiumTest -->
