<?xml version="1.0" encoding="UTF-8"?>
<!-- Generated by org.testng.reporters.JUnitReportReporter -->
<testsuite hostname="DESKTOP-Q5FUUUI" failures="0" tests="2" name="vishalmavenjava.RestApiTest" time="0.008" errors="0" timestamp="17 May 2021 11:19:19 GMT" skipped="0">
  <testcase classname="vishalmavenjava.RestApiTest" name="deleteTwitter" time="0.005"/>
  <testcase classname="vishalmavenjava.RestApiTest" name="postJira" time="0.003"/>
</testsuite> <!-- vishalmavenjava.RestApiTest -->
