<?xml version="1.0" encoding="UTF-8"?>
<!-- Generated by org.testng.reporters.JUnitReportReporter -->
<testsuite hostname="DESKTOP-Q5FUUUI" failures="0" tests="2" name="vishalmavenjava.SeleniumTest" time="0.016" errors="0" timestamp="17 May 2021 11:19:19 GMT" skipped="0">
  <testcase classname="vishalmavenjava.SeleniumTest" name="elementsUi" time="0.002"/>
  <testcase classname="vishalmavenjava.SeleniumTest" name="BrowserAutomation" time="0.014"/>
</testsuite> <!-- vishalmavenjava.SeleniumTest -->
