<?xml version="1.0" encoding="UTF-8"?>
<!-- Generated by org.testng.reporters.JUnitReportReporter -->
<testsuite hostname="DESKTOP-Q5FUUUI" name="vishalmavenjava.SeleniumTest" tests="2" failures="0" timestamp="18 May 2021 05:23:32 GMT" time="0.000" errors="0">
  <testcase name="elementsUi" time="0.000" classname="vishalmavenjava.SeleniumTest"/>
  <testcase name="BrowserAutomation" time="0.000" classname="vishalmavenjava.SeleniumTest"/>
</testsuite> <!-- vishalmavenjava.SeleniumTest -->
