<?xml version="1.0" encoding="UTF-8"?>
<!-- Generated by org.testng.reporters.JUnitReportReporter -->
<testsuite hostname="DESKTOP-Q5FUUUI" name="vishalmavenjava.GoogleTest" tests="2" failures="0" timestamp="18 May 2021 05:23:32 GMT" time="53.298" errors="0">
  <testcase name="abc" time="22.799" classname="vishalmavenjava.GoogleTest"/>
  <testcase name="xyz" time="30.499" classname="vishalmavenjava.GoogleTest"/>
</testsuite> <!-- vishalmavenjava.GoogleTest -->
