<?xml version="1.0" encoding="UTF-8"?>
<!-- Generated by org.testng.reporters.JUnitReportReporter -->
<testsuite hostname="DESKTOP-Q5FUUUI" name="vishalmavenjava.AppiumTest" tests="2" failures="0" timestamp="18 May 2021 05:23:32 GMT" time="0.022" errors="0">
  <testcase name="IOSApps" time="0.022" classname="vishalmavenjava.AppiumTest"/>
  <testcase name="NativeAppAndroid" time="0.000" classname="vishalmavenjava.AppiumTest"/>
</testsuite> <!-- vishalmavenjava.AppiumTest -->
