<?xml version="1.0" encoding="UTF-8"?>
<!-- Generated by org.testng.reporters.JUnitReportReporter -->
<testsuite hostname="DESKTOP-Q5FUUUI" name="vishalmavenjava.RestApiTest" tests="2" failures="0" timestamp="18 May 2021 05:23:32 GMT" time="0.000" errors="0">
  <testcase name="postJira" time="0.000" classname="vishalmavenjava.RestApiTest"/>
  <testcase name="deleteTwitter" time="0.000" classname="vishalmavenjava.RestApiTest"/>
</testsuite> <!-- vishalmavenjava.RestApiTest -->
